app/build/intermediates/manifest_merge_blame_file/debug/manifest-merger-blame-debug-report.txt
1<?xml version="1.0" encoding="utf-8"?>
2<manifest xmlns:android="http://schemas.android.com/apk/res/android"
3    package="com.android.foodorderapp"
4    android:versionCode="1"
5    android:versionName="1.0" >
6
7    <uses-sdk
8        android:minSdkVersion="24"
8-->src\main\AndroidManifest.xml
9        android:targetSdkVersion="31" />
9-->src\main\AndroidManifest.xml
10
11    <uses-permission android:name="android.permission.INTERNET" />
11-->src\main\AndroidManifest.xml:5:5-67
11-->src\main\AndroidManifest.xml:5:22-64
12    <uses-permission android:name="android.permission.ACCESS_NETWORK_STATE" />
12-->[com.google.firebase:firebase-auth:21.0.8] AndroidManifest.xml:24:5-79
12-->[com.google.firebase:firebase-auth:21.0.8] AndroidManifest.xml:24:22-76
13    <uses-permission android:name="android.permission.POST_NOTIFICATIONS" />
13-->[com.google.firebase:firebase-messaging:23.0.8] AndroidManifest.xml:26:5-77
13-->[com.google.firebase:firebase-messaging:23.0.8] AndroidManifest.xml:26:22-74
14    <uses-permission android:name="android.permission.WAKE_LOCK" /> <!-- Required by older versions of Google Play services to create IID tokens -->
14-->[com.google.firebase:firebase-messaging:23.0.8] AndroidManifest.xml:27:5-68
14-->[com.google.firebase:firebase-messaging:23.0.8] AndroidManifest.xml:27:22-65
15    <uses-permission android:name="com.google.android.c2dm.permission.RECEIVE" />
15-->[com.google.firebase:firebase-messaging:23.0.8] AndroidManifest.xml:29:5-82
15-->[com.google.firebase:firebase-messaging:23.0.8] AndroidManifest.xml:29:22-79
16    <uses-permission android:name="com.google.android.gms.permission.AD_ID" />
16-->[com.google.android.gms:play-services-measurement-api:21.1.1] AndroidManifest.xml:25:5-79
16-->[com.google.android.gms:play-services-measurement-api:21.1.1] AndroidManifest.xml:25:22-76
17    <uses-permission android:name="com.google.android.finsky.permission.BIND_GET_INSTALL_REFERRER_SERVICE" />
17-->[com.google.android.gms:play-services-measurement:21.1.1] AndroidManifest.xml:26:5-110
17-->[com.google.android.gms:play-services-measurement:21.1.1] AndroidManifest.xml:26:22-107
18
19    <application
19-->src\main\AndroidManifest.xml:7:5-37:19
20        android:allowBackup="true"
20-->src\main\AndroidManifest.xml:8:9-35
21        android:appComponentFactory="androidx.core.app.CoreComponentFactory"
21-->[androidx.core:core:1.8.0] AndroidManifest.xml:24:18-86
22        android:debuggable="true"
23        android:extractNativeLibs="false"
24        android:icon="@mipmap/ic_launcher"
24-->src\main\AndroidManifest.xml:9:9-43
25        android:label="@string/app_name"
25-->src\main\AndroidManifest.xml:10:9-41
26        android:roundIcon="@mipmap/ic_launcher_round"
26-->src\main\AndroidManifest.xml:11:9-54
27        android:supportsRtl="true"
27-->src\main\AndroidManifest.xml:12:9-35
28        android:theme="@style/Theme.FoodOrderApp" >
28-->src\main\AndroidManifest.xml:13:9-50
29        <activity
29-->src\main\AndroidManifest.xml:14:9-16:40
30            android:name="com.android.foodorderapp.model.ProfileActivity"
30-->src\main\AndroidManifest.xml:15:13-50
31            android:exported="false" />
31-->src\main\AndroidManifest.xml:16:13-37
32        <activity
32-->src\main\AndroidManifest.xml:17:9-21:69
33            android:name="com.android.foodorderapp.Drawer"
33-->src\main\AndroidManifest.xml:18:13-35
34            android:exported="false"
34-->src\main\AndroidManifest.xml:19:13-37
35            android:label="@string/title_activity_drawer"
35-->src\main\AndroidManifest.xml:20:13-58
36            android:theme="@style/Theme.FoodOrderApp.NoActionBar" />
36-->src\main\AndroidManifest.xml:21:13-66
37        <activity android:name="com.android.foodorderapp.OrderSucceessActivity" />
37-->src\main\AndroidManifest.xml:22:9-59
37-->src\main\AndroidManifest.xml:22:19-56
38        <activity android:name="com.android.foodorderapp.PlaceYourOrderActivity" />
38-->src\main\AndroidManifest.xml:23:9-60
38-->src\main\AndroidManifest.xml:23:19-57
39        <activity android:name="com.android.foodorderapp.RestaurantMenuActivity" />
39-->src\main\AndroidManifest.xml:24:9-60
39-->src\main\AndroidManifest.xml:24:19-57
40        <activity android:name="com.android.foodorderapp.RegisterActivity" />
40-->src\main\AndroidManifest.xml:25:9-54
40-->src\main\AndroidManifest.xml:25:19-51
41        <activity android:name="com.android.foodorderapp.LoginActivity" />
41-->src\main\AndroidManifest.xml:26:9-51
41-->src\main\AndroidManifest.xml:26:19-48
42        <activity
42-->src\main\AndroidManifest.xml:27:9-35:20
43            android:name="com.android.foodorderapp.SplashActivity"
43-->src\main\AndroidManifest.xml:28:13-43
44            android:exported="true" >
44-->src\main\AndroidManifest.xml:29:13-36
45            <intent-filter>
45-->src\main\AndroidManifest.xml:30:13-34:29
46                <action android:name="android.intent.action.MAIN" />
46-->src\main\AndroidManifest.xml:31:17-69
46-->src\main\AndroidManifest.xml:31:25-66
47
48                <category android:name="android.intent.category.LAUNCHER" />
48-->src\main\AndroidManifest.xml:33:17-77
48-->src\main\AndroidManifest.xml:33:27-74
49            </intent-filter>
50        </activity>
51        <activity android:name="com.android.foodorderapp.MainActivity" />
51-->src\main\AndroidManifest.xml:36:9-50
51-->src\main\AndroidManifest.xml:36:19-47
52        <activity
52-->[com.google.firebase:firebase-auth:21.0.8] AndroidManifest.xml:27:9-44:20
53            android:name="com.google.firebase.auth.internal.GenericIdpActivity"
53-->[com.google.firebase:firebase-auth:21.0.8] AndroidManifest.xml:28:13-80
54            android:excludeFromRecents="true"
54-->[com.google.firebase:firebase-auth:21.0.8] AndroidManifest.xml:29:13-46
55            android:exported="true"
55-->[com.google.firebase:firebase-auth:21.0.8] AndroidManifest.xml:30:13-36
56            android:launchMode="singleTask"
56-->[com.google.firebase:firebase-auth:21.0.8] AndroidManifest.xml:31:13-44
57            android:theme="@android:style/Theme.Translucent.NoTitleBar" >
57-->[com.google.firebase:firebase-auth:21.0.8] AndroidManifest.xml:32:13-72
58            <intent-filter>
58-->[com.google.firebase:firebase-auth:21.0.8] AndroidManifest.xml:33:13-43:29
59                <action android:name="android.intent.action.VIEW" />
59-->[com.google.firebase:firebase-auth:21.0.8] AndroidManifest.xml:34:17-69
59-->[com.google.firebase:firebase-auth:21.0.8] AndroidManifest.xml:34:25-66
60
61                <category android:name="android.intent.category.DEFAULT" />
61-->[com.google.firebase:firebase-auth:21.0.8] AndroidManifest.xml:36:17-76
61-->[com.google.firebase:firebase-auth:21.0.8] AndroidManifest.xml:36:27-73
62                <category android:name="android.intent.category.BROWSABLE" />
62-->[com.google.firebase:firebase-auth:21.0.8] AndroidManifest.xml:37:17-78
62-->[com.google.firebase:firebase-auth:21.0.8] AndroidManifest.xml:37:27-75
63
64                <data
64-->[com.google.firebase:firebase-auth:21.0.8] AndroidManifest.xml:39:17-42:51
65                    android:host="firebase.auth"
65-->[com.google.firebase:firebase-auth:21.0.8] AndroidManifest.xml:40:21-49
66                    android:path="/"
66-->[com.google.firebase:firebase-auth:21.0.8] AndroidManifest.xml:41:21-37
67                    android:scheme="genericidp" />
67-->[com.google.firebase:firebase-auth:21.0.8] AndroidManifest.xml:42:21-48
68            </intent-filter>
69        </activity>
70        <activity
70-->[com.google.firebase:firebase-auth:21.0.8] AndroidManifest.xml:45:9-62:20
71            android:name="com.google.firebase.auth.internal.RecaptchaActivity"
71-->[com.google.firebase:firebase-auth:21.0.8] AndroidManifest.xml:46:13-79
72            android:excludeFromRecents="true"
72-->[com.google.firebase:firebase-auth:21.0.8] AndroidManifest.xml:47:13-46
73            android:exported="true"
73-->[com.google.firebase:firebase-auth:21.0.8] AndroidManifest.xml:48:13-36
74            android:launchMode="singleTask"
74-->[com.google.firebase:firebase-auth:21.0.8] AndroidManifest.xml:49:13-44
75            android:theme="@android:style/Theme.Translucent.NoTitleBar" >
75-->[com.google.firebase:firebase-auth:21.0.8] AndroidManifest.xml:50:13-72
76            <intent-filter>
76-->[com.google.firebase:firebase-auth:21.0.8] AndroidManifest.xml:51:13-61:29
77                <action android:name="android.intent.action.VIEW" />
77-->[com.google.firebase:firebase-auth:21.0.8] AndroidManifest.xml:34:17-69
77-->[com.google.firebase:firebase-auth:21.0.8] AndroidManifest.xml:34:25-66
78
79                <category android:name="android.intent.category.DEFAULT" />
79-->[com.google.firebase:firebase-auth:21.0.8] AndroidManifest.xml:36:17-76
79-->[com.google.firebase:firebase-auth:21.0.8] AndroidManifest.xml:36:27-73
80                <category android:name="android.intent.category.BROWSABLE" />
80-->[com.google.firebase:firebase-auth:21.0.8] AndroidManifest.xml:37:17-78
80-->[com.google.firebase:firebase-auth:21.0.8] AndroidManifest.xml:37:27-75
81
82                <data
82-->[com.google.firebase:firebase-auth:21.0.8] AndroidManifest.xml:39:17-42:51
83                    android:host="firebase.auth"
83-->[com.google.firebase:firebase-auth:21.0.8] AndroidManifest.xml:40:21-49
84                    android:path="/"
84-->[com.google.firebase:firebase-auth:21.0.8] AndroidManifest.xml:41:21-37
85                    android:scheme="recaptcha" />
85-->[com.google.firebase:firebase-auth:21.0.8] AndroidManifest.xml:42:21-48
86            </intent-filter>
87        </activity>
88
89        <service
89-->[com.google.firebase:firebase-auth:21.0.8] AndroidManifest.xml:64:9-70:19
90            android:name="com.google.firebase.components.ComponentDiscoveryService"
90-->[com.google.firebase:firebase-auth:21.0.8] AndroidManifest.xml:65:13-84
91            android:directBootAware="true"
91-->[com.google.firebase:firebase-common:20.1.2] AndroidManifest.xml:35:13-43
92            android:exported="false" >
92-->[com.google.firebase:firebase-auth:21.0.8] AndroidManifest.xml:66:13-37
93            <meta-data
93-->[com.google.firebase:firebase-auth:21.0.8] AndroidManifest.xml:67:13-69:85
94                android:name="com.google.firebase.components:com.google.firebase.auth.FirebaseAuthRegistrar"
94-->[com.google.firebase:firebase-auth:21.0.8] AndroidManifest.xml:68:17-109
95                android:value="com.google.firebase.components.ComponentRegistrar" />
95-->[com.google.firebase:firebase-auth:21.0.8] AndroidManifest.xml:69:17-82
96            <meta-data
96-->[com.google.firebase:firebase-messaging:23.0.8] AndroidManifest.xml:56:13-58:85
97                android:name="com.google.firebase.components:com.google.firebase.messaging.FirebaseMessagingRegistrar"
97-->[com.google.firebase:firebase-messaging:23.0.8] AndroidManifest.xml:57:17-119
98                android:value="com.google.firebase.components.ComponentRegistrar" />
98-->[com.google.firebase:firebase-messaging:23.0.8] AndroidManifest.xml:58:17-82
99            <meta-data
99-->[com.google.firebase:firebase-database:20.0.6] AndroidManifest.xml:32:13-34:85
100                android:name="com.google.firebase.components:com.google.firebase.database.DatabaseRegistrar"
100-->[com.google.firebase:firebase-database:20.0.6] AndroidManifest.xml:33:17-109
101                android:value="com.google.firebase.components.ComponentRegistrar" />
101-->[com.google.firebase:firebase-database:20.0.6] AndroidManifest.xml:34:17-82
102            <meta-data
102-->[com.google.firebase:firebase-datatransport:18.1.6] AndroidManifest.xml:28:13-30:85
103                android:name="com.google.firebase.components:com.google.firebase.datatransport.TransportRegistrar"
103-->[com.google.firebase:firebase-datatransport:18.1.6] AndroidManifest.xml:29:17-115
104                android:value="com.google.firebase.components.ComponentRegistrar" />
104-->[com.google.firebase:firebase-datatransport:18.1.6] AndroidManifest.xml:30:17-82
105            <meta-data
105-->[com.google.android.gms:play-services-measurement-api:21.1.1] AndroidManifest.xml:31:13-33:85
106                android:name="com.google.firebase.components:com.google.firebase.analytics.connector.internal.AnalyticsConnectorRegistrar"
106-->[com.google.android.gms:play-services-measurement-api:21.1.1] AndroidManifest.xml:32:17-139
107                android:value="com.google.firebase.components.ComponentRegistrar" />
107-->[com.google.android.gms:play-services-measurement-api:21.1.1] AndroidManifest.xml:33:17-82
108            <meta-data
108-->[com.google.firebase:firebase-installations:17.0.2] AndroidManifest.xml:18:13-20:85
109                android:name="com.google.firebase.components:com.google.firebase.installations.FirebaseInstallationsRegistrar"
109-->[com.google.firebase:firebase-installations:17.0.2] AndroidManifest.xml:19:17-127
110                android:value="com.google.firebase.components.ComponentRegistrar" />
110-->[com.google.firebase:firebase-installations:17.0.2] AndroidManifest.xml:20:17-82
111        </service>
112
113        <receiver
113-->[com.google.firebase:firebase-messaging:23.0.8] AndroidManifest.xml:32:9-39:20
114            android:name="com.google.firebase.iid.FirebaseInstanceIdReceiver"
114-->[com.google.firebase:firebase-messaging:23.0.8] AndroidManifest.xml:33:13-78
115            android:exported="true"
115-->[com.google.firebase:firebase-messaging:23.0.8] AndroidManifest.xml:34:13-36
116            android:permission="com.google.android.c2dm.permission.SEND" >
116-->[com.google.firebase:firebase-messaging:23.0.8] AndroidManifest.xml:35:13-73
117            <intent-filter>
117-->[com.google.firebase:firebase-messaging:23.0.8] AndroidManifest.xml:36:13-38:29
118                <action android:name="com.google.android.c2dm.intent.RECEIVE" />
118-->[com.google.firebase:firebase-messaging:23.0.8] AndroidManifest.xml:37:17-81
118-->[com.google.firebase:firebase-messaging:23.0.8] AndroidManifest.xml:37:25-78
119            </intent-filter>
120        </receiver>
121        <!--
122             FirebaseMessagingService performs security checks at runtime,
123             but set to not exported to explicitly avoid allowing another app to call it.
124        -->
125        <service
125-->[com.google.firebase:firebase-messaging:23.0.8] AndroidManifest.xml:45:9-52:19
126            android:name="com.google.firebase.messaging.FirebaseMessagingService"
126-->[com.google.firebase:firebase-messaging:23.0.8] AndroidManifest.xml:46:13-82
127            android:directBootAware="true"
127-->[com.google.firebase:firebase-messaging:23.0.8] AndroidManifest.xml:47:13-43
128            android:exported="false" >
128-->[com.google.firebase:firebase-messaging:23.0.8] AndroidManifest.xml:48:13-37
129            <intent-filter android:priority="-500" >
129-->[com.google.firebase:firebase-messaging:23.0.8] AndroidManifest.xml:49:13-51:29
129-->[com.google.firebase:firebase-messaging:23.0.8] AndroidManifest.xml:49:28-51
130                <action android:name="com.google.firebase.MESSAGING_EVENT" />
130-->[com.google.firebase:firebase-messaging:23.0.8] AndroidManifest.xml:50:17-78
130-->[com.google.firebase:firebase-messaging:23.0.8] AndroidManifest.xml:50:25-75
131            </intent-filter>
132        </service>
133        <service
133-->[com.google.android.datatransport:transport-backend-cct:3.1.7] AndroidManifest.xml:29:9-35:19
134            android:name="com.google.android.datatransport.runtime.backends.TransportBackendDiscovery"
134-->[com.google.android.datatransport:transport-backend-cct:3.1.7] AndroidManifest.xml:30:13-103
135            android:exported="false" >
135-->[com.google.android.datatransport:transport-backend-cct:3.1.7] AndroidManifest.xml:31:13-37
136            <meta-data
136-->[com.google.android.datatransport:transport-backend-cct:3.1.7] AndroidManifest.xml:32:13-34:39
137                android:name="backend:com.google.android.datatransport.cct.CctBackendFactory"
137-->[com.google.android.datatransport:transport-backend-cct:3.1.7] AndroidManifest.xml:33:17-94
138                android:value="cct" />
138-->[com.google.android.datatransport:transport-backend-cct:3.1.7] AndroidManifest.xml:34:17-36
139        </service>
140        <service
140-->[com.google.android.datatransport:transport-runtime:3.1.7] AndroidManifest.xml:26:9-30:19
141            android:name="com.google.android.datatransport.runtime.scheduling.jobscheduling.JobInfoSchedulerService"
141-->[com.google.android.datatransport:transport-runtime:3.1.7] AndroidManifest.xml:27:13-117
142            android:exported="false"
142-->[com.google.android.datatransport:transport-runtime:3.1.7] AndroidManifest.xml:28:13-37
143            android:permission="android.permission.BIND_JOB_SERVICE" >
143-->[com.google.android.datatransport:transport-runtime:3.1.7] AndroidManifest.xml:29:13-69
144        </service>
145
146        <receiver
146-->[com.google.android.datatransport:transport-runtime:3.1.7] AndroidManifest.xml:32:9-34:40
147            android:name="com.google.android.datatransport.runtime.scheduling.jobscheduling.AlarmManagerSchedulerBroadcastReceiver"
147-->[com.google.android.datatransport:transport-runtime:3.1.7] AndroidManifest.xml:33:13-132
148            android:exported="false" />
148-->[com.google.android.datatransport:transport-runtime:3.1.7] AndroidManifest.xml:34:13-37
149
150        <provider
150-->[com.google.firebase:firebase-common:20.1.2] AndroidManifest.xml:26:9-31:39
151            android:name="com.google.firebase.provider.FirebaseInitProvider"
151-->[com.google.firebase:firebase-common:20.1.2] AndroidManifest.xml:27:13-77
152            android:authorities="com.android.foodorderapp.firebaseinitprovider"
152-->[com.google.firebase:firebase-common:20.1.2] AndroidManifest.xml:28:13-72
153            android:directBootAware="true"
153-->[com.google.firebase:firebase-common:20.1.2] AndroidManifest.xml:29:13-43
154            android:exported="false"
154-->[com.google.firebase:firebase-common:20.1.2] AndroidManifest.xml:30:13-37
155            android:initOrder="100" />
155-->[com.google.firebase:firebase-common:20.1.2] AndroidManifest.xml:31:13-36
156
157        <activity
157-->[com.google.android.gms:play-services-base:18.0.1] AndroidManifest.xml:20:9-22:45
158            android:name="com.google.android.gms.common.api.GoogleApiActivity"
158-->[com.google.android.gms:play-services-base:18.0.1] AndroidManifest.xml:20:19-85
159            android:exported="false"
159-->[com.google.android.gms:play-services-base:18.0.1] AndroidManifest.xml:22:19-43
160            android:theme="@android:style/Theme.Translucent.NoTitleBar" />
160-->[com.google.android.gms:play-services-base:18.0.1] AndroidManifest.xml:21:19-78
161
162        <receiver
162-->[com.google.android.gms:play-services-measurement:21.1.1] AndroidManifest.xml:29:9-33:20
163            android:name="com.google.android.gms.measurement.AppMeasurementReceiver"
163-->[com.google.android.gms:play-services-measurement:21.1.1] AndroidManifest.xml:30:13-85
164            android:enabled="true"
164-->[com.google.android.gms:play-services-measurement:21.1.1] AndroidManifest.xml:31:13-35
165            android:exported="false" >
165-->[com.google.android.gms:play-services-measurement:21.1.1] AndroidManifest.xml:32:13-37
166        </receiver>
167
168        <service
168-->[com.google.android.gms:play-services-measurement:21.1.1] AndroidManifest.xml:35:9-38:40
169            android:name="com.google.android.gms.measurement.AppMeasurementService"
169-->[com.google.android.gms:play-services-measurement:21.1.1] AndroidManifest.xml:36:13-84
170            android:enabled="true"
170-->[com.google.android.gms:play-services-measurement:21.1.1] AndroidManifest.xml:37:13-35
171            android:exported="false" />
171-->[com.google.android.gms:play-services-measurement:21.1.1] AndroidManifest.xml:38:13-37
172        <service
172-->[com.google.android.gms:play-services-measurement:21.1.1] AndroidManifest.xml:39:9-43:72
173            android:name="com.google.android.gms.measurement.AppMeasurementJobService"
173-->[com.google.android.gms:play-services-measurement:21.1.1] AndroidManifest.xml:40:13-87
174            android:enabled="true"
174-->[com.google.android.gms:play-services-measurement:21.1.1] AndroidManifest.xml:41:13-35
175            android:exported="false"
175-->[com.google.android.gms:play-services-measurement:21.1.1] AndroidManifest.xml:42:13-37
176            android:permission="android.permission.BIND_JOB_SERVICE" />
176-->[com.google.android.gms:play-services-measurement:21.1.1] AndroidManifest.xml:43:13-69
177
178        <meta-data
178-->[com.google.android.gms:play-services-basement:18.1.0] AndroidManifest.xml:21:9-23:69
179            android:name="com.google.android.gms.version"
179-->[com.google.android.gms:play-services-basement:18.1.0] AndroidManifest.xml:22:13-58
180            android:value="@integer/google_play_services_version" />
180-->[com.google.android.gms:play-services-basement:18.1.0] AndroidManifest.xml:23:13-66
181
182        <uses-library
182-->[androidx.window:window:1.0.0] AndroidManifest.xml:25:9-27:40
183            android:name="androidx.window.extensions"
183-->[androidx.window:window:1.0.0] AndroidManifest.xml:26:13-54
184            android:required="false" />
184-->[androidx.window:window:1.0.0] AndroidManifest.xml:27:13-37
185        <uses-library
185-->[androidx.window:window:1.0.0] AndroidManifest.xml:28:9-30:40
186            android:name="androidx.window.sidecar"
186-->[androidx.window:window:1.0.0] AndroidManifest.xml:29:13-51
187            android:required="false" />
187-->[androidx.window:window:1.0.0] AndroidManifest.xml:30:13-37
188    </application>
189
190</manifest>